c:\users\dima\desktop\modeller\modeller\debug\modeller.pch
c:\users\dima\desktop\modeller\modeller\debug\vc140.pdb
c:\users\dima\desktop\modeller\modeller\debug\vc140.idb
c:\users\dima\desktop\modeller\modeller\debug\stdafx.obj
c:\users\dima\desktop\modeller\modeller\debug\cylinder.obj
c:\users\dima\desktop\modeller\modeller\debug\modeller.obj
c:\users\dima\desktop\modeller\modeller\debug\modellerdoc.obj
c:\users\dima\desktop\modeller\modeller\debug\modellerview.obj
c:\users\dima\desktop\modeller\modeller\debug\openglrenderer.obj
c:\users\dima\desktop\modeller\modeller\debug\mainfrm.obj
c:\users\dima\desktop\modeller\modeller\debug\shape.obj
c:\users\dima\desktop\modeller\modeller\debug\sqlite3.obj
c:\users\dima\desktop\modeller\debug\modeller.ilk
c:\users\dima\desktop\modeller\debug\modeller.exe
c:\users\dima\desktop\modeller\debug\modeller.pdb
c:\users\dima\desktop\modeller\modeller\debug\modeller.res
c:\users\dima\desktop\modeller\modeller\debug\modeller.tlog\cl.command.1.tlog
c:\users\dima\desktop\modeller\modeller\debug\modeller.tlog\cl.read.1.tlog
c:\users\dima\desktop\modeller\modeller\debug\modeller.tlog\cl.write.1.tlog
c:\users\dima\desktop\modeller\modeller\debug\modeller.tlog\link.command.1.tlog
c:\users\dima\desktop\modeller\modeller\debug\modeller.tlog\link.read.1.tlog
c:\users\dima\desktop\modeller\modeller\debug\modeller.tlog\link.write.1.tlog
c:\users\dima\desktop\modeller\modeller\debug\modeller.tlog\rc.command.1.tlog
c:\users\dima\desktop\modeller\modeller\debug\modeller.tlog\rc.read.1.tlog
c:\users\dima\desktop\modeller\modeller\debug\modeller.tlog\rc.write.1.tlog
